<?xml version="1.0" encoding="UTF-8"?>
<!-- Generated by org.testng.reporters.JUnitReportReporter -->
<testsuite ignored="0" hostname="LAPTOP-ALFRQQ1T" failures="0" tests="1" name="testng.Testngdemo" time="0.004" errors="0" timestamp="10 Dec 2021 03:07:19 GMT" skipped="0">
  <testcase classname="testng.Testngdemo" name="testcase" time="0.004"/>
</testsuite> <!-- testng.Testngdemo -->
